Using pre-set license
Built from '2022.3/staging' branch; Version is '2022.3.21f1 (bf09ca542b87) revision 12519882'; Using compiler version '192829333'; Build Type 'Release'
OS: 'Windows 11  (10.0.22621) 64bit Core' Language: 'en' Physical Memory: 32683 MB
BatchMode: 1, IsHumanControllingUs: 0, StartBugReporterOnCrash: 0, Is64bit: 1, IsPro: 1

COMMAND LINE ARGUMENTS:
D:\!Game2\2022.3.21f1\Editor\Unity.exe
-adb2
-batchMode
-noUpm
-name
AssetImportWorker0
-projectPath
D:/!Game2/GitTEST/FirstUnityProject-main/My project
-logFile
Logs/AssetImportWorker0.log
-srvPort
50925
Successfully changed project path to: D:/!Game2/GitTEST/FirstUnityProject-main/My project
D:/!Game2/GitTEST/FirstUnityProject-main/My project
[UnityMemory] Configuration Parameters - Can be set up in boot.config
    "memorysetup-bucket-allocator-granularity=16"
    "memorysetup-bucket-allocator-bucket-count=8"
    "memorysetup-bucket-allocator-block-size=33554432"
    "memorysetup-bucket-allocator-block-count=8"
    "memorysetup-main-allocator-block-size=16777216"
    "memorysetup-thread-allocator-block-size=16777216"
    "memorysetup-gfx-main-allocator-block-size=16777216"
    "memorysetup-gfx-thread-allocator-block-size=16777216"
    "memorysetup-cache-allocator-block-size=4194304"
    "memorysetup-typetree-allocator-block-size=2097152"
    "memorysetup-profiler-bucket-allocator-granularity=16"
    "memorysetup-profiler-bucket-allocator-bucket-count=8"
    "memorysetup-profiler-bucket-allocator-block-size=33554432"
    "memorysetup-profiler-bucket-allocator-block-count=8"
    "memorysetup-profiler-allocator-block-size=16777216"
    "memorysetup-profiler-editor-allocator-block-size=1048576"
    "memorysetup-temp-allocator-size-main=16777216"
    "memorysetup-job-temp-allocator-block-size=2097152"
    "memorysetup-job-temp-allocator-block-size-background=1048576"
    "memorysetup-job-temp-allocator-reduction-small-platforms=262144"
    "memorysetup-allocator-temp-initial-block-size-main=262144"
    "memorysetup-allocator-temp-initial-block-size-worker=262144"
    "memorysetup-temp-allocator-size-background-worker=32768"
    "memorysetup-temp-allocator-size-job-worker=262144"
    "memorysetup-temp-allocator-size-preload-manager=33554432"
    "memorysetup-temp-allocator-size-nav-mesh-worker=65536"
    "memorysetup-temp-allocator-size-audio-worker=65536"
    "memorysetup-temp-allocator-size-cloud-worker=32768"
    "memorysetup-temp-allocator-size-gi-baking-worker=262144"
    "memorysetup-temp-allocator-size-gfx=262144"
Player connection [20492] Host "[IP] 192.168.50.57 [Port] 0 [Flags] 2 [Guid] 934490686 [EditorId] 934490686 [Version] 1048832 [Id] WindowsEditor(7,User1) [Debug] 1 [PackageName] WindowsEditor [ProjectName] Editor" joined multi-casting on [225.0.0.222:54997]...

Player connection [20492] Host "[IP] 192.168.50.57 [Port] 0 [Flags] 2 [Guid] 934490686 [EditorId] 934490686 [Version] 1048832 [Id] WindowsEditor(7,User1) [Debug] 1 [PackageName] WindowsEditor [ProjectName] Editor" joined alternative multi-casting on [225.0.0.222:34997]...

[Physics::Module] Initialized MultithreadedJobDispatcher with 19 workers.
Refreshing native plugins compatible for Editor in 6.99 ms, found 4 plugins.
Preloading 0 native plugins for Editor in 0.00 ms.
Initialize engine version: 2022.3.21f1 (bf09ca542b87)
[Subsystems] Discovering subsystems at path D:/!Game2/2022.3.21f1/Editor/Data/Resources/UnitySubsystems
[Subsystems] Discovering subsystems at path D:/!Game2/GitTEST/FirstUnityProject-main/My project/Assets
GfxDevice: creating device client; threaded=0; jobified=0
Direct3D:
    Version:  Direct3D 11.0 [level 11.1]
    Renderer: NVIDIA GeForce RTX 3060 (ID=0x2503)
    Vendor:   NVIDIA
    VRAM:     12115 MB
    Driver:   31.0.15.5176
Initialize mono
Mono path[0] = 'D:/!Game2/2022.3.21f1/Editor/Data/Managed'
Mono path[1] = 'D:/!Game2/2022.3.21f1/Editor/Data/MonoBleedingEdge/lib/mono/unityjit-win32'
Mono config path = 'D:/!Game2/2022.3.21f1/Editor/Data/MonoBleedingEdge/etc'
Using monoOptions --debugger-agent=transport=dt_socket,embedding=1,server=y,suspend=n,address=127.0.0.1:56848
Begin MonoManager ReloadAssembly
Registering precompiled unity dll's ...
Register platform support module: D:/!Game2/2022.3.21f1/Editor/Data/PlaybackEngines/WebGLSupport/UnityEditor.WebGL.Extensions.dll
Register platform support module: D:/!Game2/2022.3.21f1/Editor/Data/PlaybackEngines/WindowsStandaloneSupport/UnityEditor.WindowsStandalone.Extensions.dll
Registered in 0.004192 seconds.
- Loaded All Assemblies, in  0.333 seconds
Native extension for WindowsStandalone target not found
Native extension for WebGL target not found
Mono: successfully reloaded assembly
- Finished resetting the current domain, in  0.222 seconds
Domain Reload Profiling: 554ms
	BeginReloadAssembly (104ms)
		ExecutionOrderSort (0ms)
		DisableScriptedObjects (0ms)
		BackupInstance (0ms)
		ReleaseScriptingObjects (0ms)
		CreateAndSetChildDomain (1ms)
	RebuildCommonClasses (30ms)
	RebuildNativeTypeToScriptingClass (9ms)
	initialDomainReloadingComplete (46ms)
	LoadAllAssembliesAndSetupDomain (142ms)
		LoadAssemblies (103ms)
		RebuildTransferFunctionScriptingTraits (0ms)
		AnalyzeDomain (141ms)
			TypeCache.Refresh (140ms)
				TypeCache.ScanAssembly (126ms)
			ScanForSourceGeneratedMonoScriptInfo (0ms)
			ResolveRequiredComponents (0ms)
	FinalizeReload (222ms)
		ReleaseScriptCaches (0ms)
		RebuildScriptCaches (0ms)
		SetupLoadedEditorAssemblies (175ms)
			LogAssemblyErrors (0ms)
			InitializePlatformSupportModulesInManaged (7ms)
			SetLoadedEditorAssemblies (4ms)
			RefreshPlugins (0ms)
			BeforeProcessingInitializeOnLoad (2ms)
			ProcessInitializeOnLoadAttributes (122ms)
			ProcessInitializeOnLoadMethodAttributes (39ms)
			AfterProcessingInitializeOnLoad (0ms)
			EditorAssembliesLoaded (0ms)
		ExecutionOrderSort2 (0ms)
		AwakeInstancesAfterBackupRestoration (0ms)
========================================================================
Worker process is ready to serve import requests
Begin MonoManager ReloadAssembly
- Loaded All Assemblies, in  0.539 seconds
Refreshing native plugins compatible for Editor in 3.09 ms, found 4 plugins.
Native extension for WindowsStandalone target not found
Native extension for WebGL target not found
Package Manager log level set to [2]
[Package Manager] Server::EnsureServerProcessIsRunning -- launch failed, reason: Unity was launched with the -noUpm command-line argument
[Package Manager] UpmClient::Send -- Unable to send message (not connected to UPM process).
[Package Manager] Cannot connect to Unity Package Manager local server
Mono: successfully reloaded assembly
- Finished resetting the current domain, in  0.494 seconds
Domain Reload Profiling: 1031ms
	BeginReloadAssembly (118ms)
		ExecutionOrderSort (0ms)
		DisableScriptedObjects (5ms)
		BackupInstance (0ms)
		ReleaseScriptingObjects (0ms)
		CreateAndSetChildDomain (17ms)
	RebuildCommonClasses (27ms)
	RebuildNativeTypeToScriptingClass (13ms)
	initialDomainReloadingComplete (31ms)
	LoadAllAssembliesAndSetupDomain (347ms)
		LoadAssemblies (255ms)
		RebuildTransferFunctionScriptingTraits (0ms)
		AnalyzeDomain (159ms)
			TypeCache.Refresh (135ms)
				TypeCache.ScanAssembly (121ms)
			ScanForSourceGeneratedMonoScriptInfo (19ms)
			ResolveRequiredComponents (4ms)
	FinalizeReload (494ms)
		ReleaseScriptCaches (0ms)
		RebuildScriptCaches (0ms)
		SetupLoadedEditorAssemblies (367ms)
			LogAssemblyErrors (0ms)
			InitializePlatformSupportModulesInManaged (4ms)
			SetLoadedEditorAssemblies (3ms)
			RefreshPlugins (0ms)
			BeforeProcessingInitializeOnLoad (51ms)
			ProcessInitializeOnLoadAttributes (275ms)
			ProcessInitializeOnLoadMethodAttributes (30ms)
			AfterProcessingInitializeOnLoad (3ms)
			EditorAssembliesLoaded (0ms)
		ExecutionOrderSort2 (0ms)
		AwakeInstancesAfterBackupRestoration (6ms)
Launched and connected shader compiler UnityShaderCompiler.exe after 0.03 seconds
Refreshing native plugins compatible for Editor in 2.96 ms, found 4 plugins.
Preloading 0 native plugins for Editor in 0.00 ms.
Unloading 4032 Unused Serialized files (Serialized files now loaded: 0)
Unloading 64 unused Assets / (61.4 KB). Loaded Objects now: 4493.
Memory consumption went from 143.9 MB to 143.8 MB.
Total: 2.800900 ms (FindLiveObjects: 0.273000 ms CreateObjectMapping: 0.269700 ms MarkObjects: 2.164900 ms  DeleteObjects: 0.092400 ms)

AssetImportParameters requested are different than current active one (requested -> active):
  custom:container-demuxer-ogg: 62fdf1f143b41e24485cea50d1cbac27 -> 
  custom:video-codec-MediaFoundation-h265: 746d11721c4dcdbdad8f713fa42b33f4 -> 
  custom:video-decoder-ogg-theora: a1e56fd34408186e4bbccfd4996cb3dc -> 
  custom:framework-win-MediaFoundation: 216162199b28c13a410421893ffa2e32 -> 
  custom:CustomObjectIndexerAttribute: 9a22284fe3817be447336de3de66b15e -> 
  custom:container-demuxer-webm: 4f35f7cbe854078d1ac9338744f61a02 -> 
  custom:container-muxer-webm: aa71ff27fc2769a1b78a27578f13a17b -> 
  custom:video-decoder-webm-vp8: 9c59270c3fd7afecdb556c50c9e8de78 -> 
  custom:SearchIndexIgnoredProperties: e643bd26f0fe6173181afceb89e7c659 -> 
  custom:AudioImporter_EditorPlatform: d09bf68614088b80899f8185d706f6e7 -> 
  custom:video-encoder-webm-vp8: eb34c28f22e8b96e1ab97ce403110664 -> 
  custom:audio-decoder-ogg-vorbis: bf7c407c2cedff20999df2af8eb42d56 -> 
  custom:audio-encoder-webm-vorbis: bf7c407c2cedff20999df2af8eb42d56 -> 
========================================================================
Received Import Request.
  Time since last request: 8808.643476 seconds.
  path: Assets/Adventures/Texture/Texture.prefab
  artifactKey: Guid(6b75ee360834115499011fbc2164883a) Importer(815301076,1909f56bfc062723c751e8b465ee728b)
Start importing Assets/Adventures/Texture/Texture.prefab using Guid(6b75ee360834115499011fbc2164883a) Importer(815301076,1909f56bfc062723c751e8b465ee728b)  -> (artifact id: '3d4474d98e726d08fddfd39cc15fd37a') in 0.084824 seconds
Number of updated asset objects reloaded before import = 0
Number of asset objects unloaded after import = 145
========================================================================
Received Import Request.
  Time since last request: 15.815620 seconds.
  path: Assets/Adventures/Texture/Territory/bushe22.asset
  artifactKey: Guid(8a6ab613772458848ac728c8557b3c06) Importer(815301076,1909f56bfc062723c751e8b465ee728b)
Start importing Assets/Adventures/Texture/Territory/bushe22.asset using Guid(8a6ab613772458848ac728c8557b3c06) Importer(815301076,1909f56bfc062723c751e8b465ee728b)  -> (artifact id: 'fdc216ec10be4d431b4540c90346a053') in 0.003690 seconds
Number of updated asset objects reloaded before import = 0
Number of asset objects unloaded after import = 1
========================================================================
Received Import Request.
  Time since last request: 0.000917 seconds.
  path: Assets/Adventures/Texture/Territory/cliff dirt 2 _1.asset
  artifactKey: Guid(fa4ae3e094328344a84a787dabc60e7d) Importer(815301076,1909f56bfc062723c751e8b465ee728b)
Start importing Assets/Adventures/Texture/Territory/cliff dirt 2 _1.asset using Guid(fa4ae3e094328344a84a787dabc60e7d) Importer(815301076,1909f56bfc062723c751e8b465ee728b)  -> (artifact id: '3d07f68045c818357068f999f0bc8101') in 0.005723 seconds
Number of updated asset objects reloaded before import = 0
Number of asset objects unloaded after import = 3
========================================================================
Received Import Request.
  Time since last request: 0.001842 seconds.
  path: Assets/Adventures/Texture/Territory/cliff dirt 2 _4.asset
  artifactKey: Guid(03b03a884f7b28140a58e7b392bc50c8) Importer(815301076,1909f56bfc062723c751e8b465ee728b)
Start importing Assets/Adventures/Texture/Territory/cliff dirt 2 _4.asset using Guid(03b03a884f7b28140a58e7b392bc50c8) Importer(815301076,1909f56bfc062723c751e8b465ee728b)  -> (artifact id: '1a6c6667de2fda0386bcd9eecb29f9cb') in 0.003186 seconds
Number of updated asset objects reloaded before import = 0
Number of asset objects unloaded after import = 3
========================================================================
Received Import Request.
  Time since last request: 0.001362 seconds.
  path: Assets/Adventures/Texture/Territory/cliff dirt 2 _7.asset
  artifactKey: Guid(67f68158ff13e4946a159e9572557427) Importer(815301076,1909f56bfc062723c751e8b465ee728b)
Start importing Assets/Adventures/Texture/Territory/cliff dirt 2 _7.asset using Guid(67f68158ff13e4946a159e9572557427) Importer(815301076,1909f56bfc062723c751e8b465ee728b)  -> (artifact id: 'a6043c7113fddfaabebb4bfc36357b22') in 0.003648 seconds
Number of updated asset objects reloaded before import = 0
Number of asset objects unloaded after import = 3
========================================================================
Received Import Request.
  Time since last request: 0.000010 seconds.
  path: Assets/Adventures/Texture/Territory/cliff dirt 2 _21.asset
  artifactKey: Guid(2abf5237c3ffe2f4f84f689c5a1058de) Importer(815301076,1909f56bfc062723c751e8b465ee728b)
Start importing Assets/Adventures/Texture/Territory/cliff dirt 2 _21.asset using Guid(2abf5237c3ffe2f4f84f689c5a1058de) Importer(815301076,1909f56bfc062723c751e8b465ee728b)  -> (artifact id: 'a11e5108918bc8731ecc8bb167bc6737') in 0.002868 seconds
Number of updated asset objects reloaded before import = 0
Number of asset objects unloaded after import = 3
========================================================================
Received Import Request.
  Time since last request: 0.000010 seconds.
  path: Assets/Adventures/Texture/Territory/dirt rode fixed_0.asset
  artifactKey: Guid(382d2213760a5b44ca9eb0606723e82c) Importer(815301076,1909f56bfc062723c751e8b465ee728b)
Start importing Assets/Adventures/Texture/Territory/dirt rode fixed_0.asset using Guid(382d2213760a5b44ca9eb0606723e82c) Importer(815301076,1909f56bfc062723c751e8b465ee728b)  -> (artifact id: '4a16531a88a2f614c0c74ee92c80681b') in 0.003387 seconds
Number of updated asset objects reloaded before import = 0
Number of asset objects unloaded after import = 3
========================================================================
Received Import Request.
  Time since last request: 0.000011 seconds.
  path: Assets/Adventures/Texture/Territory/dirt rode fixed_5.asset
  artifactKey: Guid(1ab80330d5edc4647ba1690521fd09ae) Importer(815301076,1909f56bfc062723c751e8b465ee728b)
Start importing Assets/Adventures/Texture/Territory/dirt rode fixed_5.asset using Guid(1ab80330d5edc4647ba1690521fd09ae) Importer(815301076,1909f56bfc062723c751e8b465ee728b)  -> (artifact id: '2633115bec6c874659c6e3bbf50f653f') in 0.004056 seconds
Number of updated asset objects reloaded before import = 0
Number of asset objects unloaded after import = 3
========================================================================
Received Import Request.
  Time since last request: 0.000016 seconds.
  path: Assets/Adventures/Texture/Territory/grass wall 2_0.asset
  artifactKey: Guid(8e87ac8f2fa0eac449f79a586b7aac4a) Importer(815301076,1909f56bfc062723c751e8b465ee728b)
Start importing Assets/Adventures/Texture/Territory/grass wall 2_0.asset using Guid(8e87ac8f2fa0eac449f79a586b7aac4a) Importer(815301076,1909f56bfc062723c751e8b465ee728b)  -> (artifact id: 'f126a5e19160b47531d12d54bad2d9b9') in 0.004116 seconds
Number of updated asset objects reloaded before import = 0
Number of asset objects unloaded after import = 3
========================================================================
Received Import Request.
  Time since last request: 0.000015 seconds.
  path: Assets/Adventures/Texture/Territory/Water full+_0.asset
  artifactKey: Guid(dcfe73db749941244a91198d8977e75d) Importer(815301076,1909f56bfc062723c751e8b465ee728b)
Start importing Assets/Adventures/Texture/Territory/Water full+_0.asset using Guid(dcfe73db749941244a91198d8977e75d) Importer(815301076,1909f56bfc062723c751e8b465ee728b)  -> (artifact id: '7fa7f74e960991162e529709e0601f34') in 0.003743 seconds
Number of updated asset objects reloaded before import = 0
Number of asset objects unloaded after import = 3
========================================================================
Received Import Request.
  Time since last request: 0.000010 seconds.
  path: Assets/Adventures/Texture/Territory/Water full+_5.asset
  artifactKey: Guid(69502c7592f0d414ab5e81c642d4a53a) Importer(815301076,1909f56bfc062723c751e8b465ee728b)
Start importing Assets/Adventures/Texture/Territory/Water full+_5.asset using Guid(69502c7592f0d414ab5e81c642d4a53a) Importer(815301076,1909f56bfc062723c751e8b465ee728b)  -> (artifact id: 'a97814c4f3ab62fcab9bb238eb2a5f5f') in 0.003991 seconds
Number of updated asset objects reloaded before import = 0
Number of asset objects unloaded after import = 3
========================================================================
Received Import Request.
  Time since last request: 0.000015 seconds.
  path: Assets/Adventures/Texture/Territory/Water full+_2.asset
  artifactKey: Guid(79695a284f034c34f8d6d22f31b133d8) Importer(815301076,1909f56bfc062723c751e8b465ee728b)
Start importing Assets/Adventures/Texture/Territory/Water full+_2.asset using Guid(79695a284f034c34f8d6d22f31b133d8) Importer(815301076,1909f56bfc062723c751e8b465ee728b)  -> (artifact id: '50243cc7dac4cb0fbdfa4920de53f0ee') in 0.005307 seconds
Number of updated asset objects reloaded before import = 0
Number of asset objects unloaded after import = 3
========================================================================
Received Import Request.
  Time since last request: 0.000023 seconds.
  path: Assets/Adventures/Texture/Territory/dirt rode fixed_2.asset
  artifactKey: Guid(ed42b56a087fe6746ac6715cf7188087) Importer(815301076,1909f56bfc062723c751e8b465ee728b)
Start importing Assets/Adventures/Texture/Territory/dirt rode fixed_2.asset using Guid(ed42b56a087fe6746ac6715cf7188087) Importer(815301076,1909f56bfc062723c751e8b465ee728b)  -> (artifact id: 'd0221851aea88a3b4a2ce905d532be21') in 0.004148 seconds
Number of updated asset objects reloaded before import = 0
Number of asset objects unloaded after import = 3
========================================================================
Received Import Request.
  Time since last request: 0.000015 seconds.
  path: Assets/Adventures/Texture/Territory/Tree33_0.asset
  artifactKey: Guid(1922deca2fb4c184da3c05a5d3dc8029) Importer(815301076,1909f56bfc062723c751e8b465ee728b)
Start importing Assets/Adventures/Texture/Territory/Tree33_0.asset using Guid(1922deca2fb4c184da3c05a5d3dc8029) Importer(815301076,1909f56bfc062723c751e8b465ee728b)  -> (artifact id: '3d30900aead6d3f24a149ef1ebfee650') in 0.008391 seconds
Number of updated asset objects reloaded before import = 0
Number of asset objects unloaded after import = 3
========================================================================
Received Import Request.
  Time since last request: 0.000013 seconds.
  path: Assets/Adventures/Texture/Territory/Water full+_6.asset
  artifactKey: Guid(4c5636710f7507347be984acee62d838) Importer(815301076,1909f56bfc062723c751e8b465ee728b)
Start importing Assets/Adventures/Texture/Territory/Water full+_6.asset using Guid(4c5636710f7507347be984acee62d838) Importer(815301076,1909f56bfc062723c751e8b465ee728b)  -> (artifact id: '82644ca358a47c40b907558a86695107') in 0.003266 seconds
Number of updated asset objects reloaded before import = 0
Number of asset objects unloaded after import = 3
========================================================================
Received Import Request.
  Time since last request: 0.000012 seconds.
  path: Assets/Adventures/Texture/Territory/cliff dirt 2 _19.asset
  artifactKey: Guid(f6c340cdc61d515498f76543a594e627) Importer(815301076,1909f56bfc062723c751e8b465ee728b)
Start importing Assets/Adventures/Texture/Territory/cliff dirt 2 _19.asset using Guid(f6c340cdc61d515498f76543a594e627) Importer(815301076,1909f56bfc062723c751e8b465ee728b)  -> (artifact id: '493e1aa2337ffe38062bb65bc1d6c3e6') in 0.003480 seconds
Number of updated asset objects reloaded before import = 0
Number of asset objects unloaded after import = 3
========================================================================
Received Import Request.
  Time since last request: 0.000009 seconds.
  path: Assets/Adventures/Texture/Territory/grass wall 2.png
  artifactKey: Guid(097cf3062a87b714eb9434abf1fe7d57) Importer(815301076,1909f56bfc062723c751e8b465ee728b)
Start importing Assets/Adventures/Texture/Territory/grass wall 2.png using Guid(097cf3062a87b714eb9434abf1fe7d57) Importer(815301076,1909f56bfc062723c751e8b465ee728b)  -> (artifact id: '38295d5d002c2819c4d4fd5d80eb3d3c') in 0.033442 seconds
Number of updated asset objects reloaded before import = 0
Number of asset objects unloaded after import = 11
========================================================================
Received Import Request.
  Time since last request: 0.000012 seconds.
  path: Assets/Adventures/Texture/Territory/grass wall 2_5.asset
  artifactKey: Guid(817274a60ac6e244681c2bdbc3f55b52) Importer(815301076,1909f56bfc062723c751e8b465ee728b)
Start importing Assets/Adventures/Texture/Territory/grass wall 2_5.asset using Guid(817274a60ac6e244681c2bdbc3f55b52) Importer(815301076,1909f56bfc062723c751e8b465ee728b)  -> (artifact id: '77a7ca3965f3d6270914c47bea9e1433') in 0.004640 seconds
Number of updated asset objects reloaded before import = 0
Number of asset objects unloaded after import = 3
========================================================================
Received Import Request.
  Time since last request: 0.000014 seconds.
  path: Assets/Adventures/Texture/Territory/cliff dirt 2 _15.asset
  artifactKey: Guid(6f4e99c4b415cae42801093270e85068) Importer(815301076,1909f56bfc062723c751e8b465ee728b)
Start importing Assets/Adventures/Texture/Territory/cliff dirt 2 _15.asset using Guid(6f4e99c4b415cae42801093270e85068) Importer(815301076,1909f56bfc062723c751e8b465ee728b)  -> (artifact id: '4e1d36f5bc1e2a6acf3011780e8fb777') in 0.004549 seconds
Number of updated asset objects reloaded before import = 0
Number of asset objects unloaded after import = 3
========================================================================
Received Import Request.
  Time since last request: 0.000011 seconds.
  path: Assets/Adventures/Texture/Territory/Water full+_9.asset
  artifactKey: Guid(077d58fc563e9ee45b0977a92cd51523) Importer(815301076,1909f56bfc062723c751e8b465ee728b)
Start importing Assets/Adventures/Texture/Territory/Water full+_9.asset using Guid(077d58fc563e9ee45b0977a92cd51523) Importer(815301076,1909f56bfc062723c751e8b465ee728b)  -> (artifact id: '40d83922dae65f4765111526fd95b600') in 0.003525 seconds
Number of updated asset objects reloaded before import = 0
Number of asset objects unloaded after import = 3
========================================================================
Received Import Request.
  Time since last request: 0.000011 seconds.
  path: Assets/Adventures/Texture/Territory/cliff dirt 2 _10.asset
  artifactKey: Guid(e2891101c5db9fb4386f64ecdc9ddf36) Importer(815301076,1909f56bfc062723c751e8b465ee728b)
Start importing Assets/Adventures/Texture/Territory/cliff dirt 2 _10.asset using Guid(e2891101c5db9fb4386f64ecdc9ddf36) Importer(815301076,1909f56bfc062723c751e8b465ee728b)  -> (artifact id: '09e818c7afafa3d5a604d038690c74ee') in 0.003274 seconds
Number of updated asset objects reloaded before import = 0
Number of asset objects unloaded after import = 3
========================================================================
Received Import Request.
  Time since last request: 0.000010 seconds.
  path: Assets/Adventures/Texture/Territory/grass block blank.png
  artifactKey: Guid(d2ef5ae14f8ed6942b52b36c365cb682) Importer(815301076,1909f56bfc062723c751e8b465ee728b)
Start importing Assets/Adventures/Texture/Territory/grass block blank.png using Guid(d2ef5ae14f8ed6942b52b36c365cb682) Importer(815301076,1909f56bfc062723c751e8b465ee728b)  -> (artifact id: '24f34d19ced0e8610a13557e767f222e') in 0.003969 seconds
Number of updated asset objects reloaded before import = 0
Number of asset objects unloaded after import = 3
========================================================================
Received Import Request.
  Time since last request: 0.000009 seconds.
  path: Assets/Adventures/Texture/Territory/grass block blank.asset
  artifactKey: Guid(7060ccd2d65192b4cb1bf0dd0781dc11) Importer(815301076,1909f56bfc062723c751e8b465ee728b)
Start importing Assets/Adventures/Texture/Territory/grass block blank.asset using Guid(7060ccd2d65192b4cb1bf0dd0781dc11) Importer(815301076,1909f56bfc062723c751e8b465ee728b)  -> (artifact id: '21ca71c0ae4a3f8124265a5aead03db0') in 0.002726 seconds
Number of updated asset objects reloaded before import = 0
Number of asset objects unloaded after import = 3
========================================================================
Received Import Request.
  Time since last request: 0.000011 seconds.
  path: Assets/Adventures/Texture/Territory/Water full+_8.asset
  artifactKey: Guid(0f07b066a6fc13643ab04858c5756a8b) Importer(815301076,1909f56bfc062723c751e8b465ee728b)
Start importing Assets/Adventures/Texture/Territory/Water full+_8.asset using Guid(0f07b066a6fc13643ab04858c5756a8b) Importer(815301076,1909f56bfc062723c751e8b465ee728b)  -> (artifact id: '83017f010556b2d3ecfbce79cef155e8') in 0.003038 seconds
Number of updated asset objects reloaded before import = 0
Number of asset objects unloaded after import = 3
========================================================================
Received Import Request.
  Time since last request: 0.000009 seconds.
  path: Assets/Adventures/Texture/Territory/cliff dirt 2 _5.asset
  artifactKey: Guid(1b02de7e360016e42b7eff72fbd70b21) Importer(815301076,1909f56bfc062723c751e8b465ee728b)
Start importing Assets/Adventures/Texture/Territory/cliff dirt 2 _5.asset using Guid(1b02de7e360016e42b7eff72fbd70b21) Importer(815301076,1909f56bfc062723c751e8b465ee728b)  -> (artifact id: 'd4e496a586860be4dddfc6b5ce12b260') in 0.002701 seconds
Number of updated asset objects reloaded before import = 0
Number of asset objects unloaded after import = 3
========================================================================
Received Import Request.
  Time since last request: 0.000009 seconds.
  path: Assets/Adventures/Texture/Territory/cliff dirt 2 _8.asset
  artifactKey: Guid(d8aa1ee5b34ed8c4da793df35a013f9c) Importer(815301076,1909f56bfc062723c751e8b465ee728b)
Start importing Assets/Adventures/Texture/Territory/cliff dirt 2 _8.asset using Guid(d8aa1ee5b34ed8c4da793df35a013f9c) Importer(815301076,1909f56bfc062723c751e8b465ee728b)  -> (artifact id: '0a6a0a0e7f5ee13a191de7e56e0bdcde') in 0.002497 seconds
Number of updated asset objects reloaded before import = 0
Number of asset objects unloaded after import = 3
========================================================================
Received Import Request.
  Time since last request: 0.000008 seconds.
  path: Assets/Adventures/Texture/Territory/cliff dirt 2 _18.asset
  artifactKey: Guid(fa83c4f4027080d4a8fa9c6404797a9e) Importer(815301076,1909f56bfc062723c751e8b465ee728b)
Start importing Assets/Adventures/Texture/Territory/cliff dirt 2 _18.asset using Guid(fa83c4f4027080d4a8fa9c6404797a9e) Importer(815301076,1909f56bfc062723c751e8b465ee728b)  -> (artifact id: '7395a9dd2bda6de0ee99665585ed766a') in 0.003025 seconds
Number of updated asset objects reloaded before import = 0
Number of asset objects unloaded after import = 3
========================================================================
Received Import Request.
  Time since last request: 0.000011 seconds.
  path: Assets/Adventures/Texture/Territory/cliff dirt 2 _23.asset
  artifactKey: Guid(552d506e59510204ea542f31d60ded59) Importer(815301076,1909f56bfc062723c751e8b465ee728b)
Start importing Assets/Adventures/Texture/Territory/cliff dirt 2 _23.asset using Guid(552d506e59510204ea542f31d60ded59) Importer(815301076,1909f56bfc062723c751e8b465ee728b)  -> (artifact id: '7427f01e10e543e2d2a628b71c62a61d') in 0.004055 seconds
Number of updated asset objects reloaded before import = 0
Number of asset objects unloaded after import = 3
========================================================================
Received Import Request.
  Time since last request: 0.000009 seconds.
  path: Assets/Adventures/Texture/Territory/dirt rode fixed_6.asset
  artifactKey: Guid(eeb47ce4108aac94aba533546c92365a) Importer(815301076,1909f56bfc062723c751e8b465ee728b)
Start importing Assets/Adventures/Texture/Territory/dirt rode fixed_6.asset using Guid(eeb47ce4108aac94aba533546c92365a) Importer(815301076,1909f56bfc062723c751e8b465ee728b)  -> (artifact id: 'c2de5f9bc3935a1174cc94e858643be4') in 0.003087 seconds
Number of updated asset objects reloaded before import = 0
Number of asset objects unloaded after import = 3
========================================================================
Received Import Request.
  Time since last request: 0.000009 seconds.
  path: Assets/Adventures/Texture/Territory/grass block.asset
  artifactKey: Guid(6a82cf8145cbf5b43bea7892321c1b78) Importer(815301076,1909f56bfc062723c751e8b465ee728b)
Start importing Assets/Adventures/Texture/Territory/grass block.asset using Guid(6a82cf8145cbf5b43bea7892321c1b78) Importer(815301076,1909f56bfc062723c751e8b465ee728b)  -> (artifact id: 'e55168c5df46598cd982f45698e6a88c') in 0.003137 seconds
Number of updated asset objects reloaded before import = 0
Number of asset objects unloaded after import = 3
========================================================================
Received Import Request.
  Time since last request: 0.000012 seconds.
  path: Assets/Adventures/Texture/Territory/grass wall 2_3.asset
  artifactKey: Guid(48d074cb9abf3eb4d814b02e9d5113a6) Importer(815301076,1909f56bfc062723c751e8b465ee728b)
Start importing Assets/Adventures/Texture/Territory/grass wall 2_3.asset using Guid(48d074cb9abf3eb4d814b02e9d5113a6) Importer(815301076,1909f56bfc062723c751e8b465ee728b)  -> (artifact id: 'ec9cd18661a9ae1c385c9a7d1555a519') in 0.003421 seconds
Number of updated asset objects reloaded before import = 0
Number of asset objects unloaded after import = 3
========================================================================
Received Import Request.
  Time since last request: 0.000012 seconds.
  path: Assets/Adventures/Texture/Territory/grass wall 2_6.asset
  artifactKey: Guid(5368078f5fd0f294e9aa6589418f22a3) Importer(815301076,1909f56bfc062723c751e8b465ee728b)
Start importing Assets/Adventures/Texture/Territory/grass wall 2_6.asset using Guid(5368078f5fd0f294e9aa6589418f22a3) Importer(815301076,1909f56bfc062723c751e8b465ee728b)  -> (artifact id: 'e956b12b50446fd8441a704f6c435b73') in 0.003809 seconds
Number of updated asset objects reloaded before import = 0
Number of asset objects unloaded after import = 3
========================================================================
Received Import Request.
  Time since last request: 0.000018 seconds.
  path: Assets/Adventures/Texture/Territory/dirt rode fixed_1.asset
  artifactKey: Guid(d58e5e2f8c588874eabe071e86170aab) Importer(815301076,1909f56bfc062723c751e8b465ee728b)
Start importing Assets/Adventures/Texture/Territory/dirt rode fixed_1.asset using Guid(d58e5e2f8c588874eabe071e86170aab) Importer(815301076,1909f56bfc062723c751e8b465ee728b)  -> (artifact id: '0a31ea66f2f9e86ab6caad174fb9969b') in 0.004348 seconds
Number of updated asset objects reloaded before import = 0
Number of asset objects unloaded after import = 3
========================================================================
Received Import Request.
  Time since last request: 0.000013 seconds.
  path: Assets/Adventures/Texture/Territory/cliff dirt 2 _11.asset
  artifactKey: Guid(4bfb67684e683614fb6c7e955af3bece) Importer(815301076,1909f56bfc062723c751e8b465ee728b)
Start importing Assets/Adventures/Texture/Territory/cliff dirt 2 _11.asset using Guid(4bfb67684e683614fb6c7e955af3bece) Importer(815301076,1909f56bfc062723c751e8b465ee728b)  -> (artifact id: '07140718ee5a181a6524556d37045040') in 0.004185 seconds
Number of updated asset objects reloaded before import = 0
Number of asset objects unloaded after import = 3
========================================================================
Received Import Request.
  Time since last request: 0.000017 seconds.
  path: Assets/Adventures/Texture/Territory/Water full+.png
  artifactKey: Guid(cd8afc10e116b024f86b7797f85b00d0) Importer(815301076,1909f56bfc062723c751e8b465ee728b)
Start importing Assets/Adventures/Texture/Territory/Water full+.png using Guid(cd8afc10e116b024f86b7797f85b00d0) Importer(815301076,1909f56bfc062723c751e8b465ee728b)  -> (artifact id: 'c3b9116b8edccf74a6958a24e0222fc9') in 0.026221 seconds
Number of updated asset objects reloaded before import = 0
Number of asset objects unloaded after import = 19
========================================================================
Received Import Request.
  Time since last request: 0.000010 seconds.
  path: Assets/Adventures/Texture/Territory/Water full+_11.asset
  artifactKey: Guid(aeda80867da9f634c8c000c7538571aa) Importer(815301076,1909f56bfc062723c751e8b465ee728b)
Start importing Assets/Adventures/Texture/Territory/Water full+_11.asset using Guid(aeda80867da9f634c8c000c7538571aa) Importer(815301076,1909f56bfc062723c751e8b465ee728b)  -> (artifact id: 'd876c537c34ac348956521a045c295d2') in 0.002530 seconds
Number of updated asset objects reloaded before import = 0
Number of asset objects unloaded after import = 3
========================================================================
Received Import Request.
  Time since last request: 0.000009 seconds.
  path: Assets/Adventures/Texture/Territory/grass wall 2_7.asset
  artifactKey: Guid(1a89a85a371d2714ea60551736127358) Importer(815301076,1909f56bfc062723c751e8b465ee728b)
Start importing Assets/Adventures/Texture/Territory/grass wall 2_7.asset using Guid(1a89a85a371d2714ea60551736127358) Importer(815301076,1909f56bfc062723c751e8b465ee728b)  -> (artifact id: 'f3bca7bde989f88724c8ce4377806625') in 0.002808 seconds
Number of updated asset objects reloaded before import = 0
Number of asset objects unloaded after import = 3
========================================================================
Received Import Request.
  Time since last request: 0.000009 seconds.
  path: Assets/Adventures/Texture/Territory/cliff dirt 2 _16.asset
  artifactKey: Guid(28865a9159248744791c816fe18b7a5b) Importer(815301076,1909f56bfc062723c751e8b465ee728b)
Start importing Assets/Adventures/Texture/Territory/cliff dirt 2 _16.asset using Guid(28865a9159248744791c816fe18b7a5b) Importer(815301076,1909f56bfc062723c751e8b465ee728b)  -> (artifact id: 'fd8481defcf4e8b298ee9dea1e40f6b8') in 0.003293 seconds
Number of updated asset objects reloaded before import = 0
Number of asset objects unloaded after import = 3
========================================================================
Received Import Request.
  Time since last request: 0.000010 seconds.
  path: Assets/Adventures/Texture/Territory/grass wall 2_2.asset
  artifactKey: Guid(6cad7b7192952ba42a628f965bafb60e) Importer(815301076,1909f56bfc062723c751e8b465ee728b)
Start importing Assets/Adventures/Texture/Territory/grass wall 2_2.asset using Guid(6cad7b7192952ba42a628f965bafb60e) Importer(815301076,1909f56bfc062723c751e8b465ee728b)  -> (artifact id: '33eab0311a493a61ec2ad8cb4a42486a') in 0.002659 seconds
Number of updated asset objects reloaded before import = 0
Number of asset objects unloaded after import = 3
========================================================================
Received Import Request.
  Time since last request: 0.000009 seconds.
  path: Assets/Adventures/Texture/Territory/grass+flower 2.asset
  artifactKey: Guid(a266857f18a8f944cabc75a5d716ba8f) Importer(815301076,1909f56bfc062723c751e8b465ee728b)
Start importing Assets/Adventures/Texture/Territory/grass+flower 2.asset using Guid(a266857f18a8f944cabc75a5d716ba8f) Importer(815301076,1909f56bfc062723c751e8b465ee728b)  -> (artifact id: '1a4872a76a386f228a102fc5483096df') in 0.002593 seconds
Number of updated asset objects reloaded before import = 0
Number of asset objects unloaded after import = 3
========================================================================
Received Import Request.
  Time since last request: 0.000009 seconds.
  path: Assets/Adventures/Texture/Territory/dirt rode fixed_4.asset
  artifactKey: Guid(0088d22181b1e7c4ab53ac5e3fcaf838) Importer(815301076,1909f56bfc062723c751e8b465ee728b)
Start importing Assets/Adventures/Texture/Territory/dirt rode fixed_4.asset using Guid(0088d22181b1e7c4ab53ac5e3fcaf838) Importer(815301076,1909f56bfc062723c751e8b465ee728b)  -> (artifact id: '0325eae62a07c4d6bfff3b713f609a56') in 0.002776 seconds
Number of updated asset objects reloaded before import = 0
Number of asset objects unloaded after import = 3
========================================================================
Received Import Request.
  Time since last request: 0.000010 seconds.
  path: Assets/Adventures/Texture/Territory/Water full+_1.asset
  artifactKey: Guid(4247d968d8fde4745978bd236fdbe61c) Importer(815301076,1909f56bfc062723c751e8b465ee728b)
Start importing Assets/Adventures/Texture/Territory/Water full+_1.asset using Guid(4247d968d8fde4745978bd236fdbe61c) Importer(815301076,1909f56bfc062723c751e8b465ee728b)  -> (artifact id: 'b895ebeaf1ef7b997a9aa321725f3468') in 0.002923 seconds
Number of updated asset objects reloaded before import = 0
Number of asset objects unloaded after import = 3
Editor requested this worker to shutdown with reason: Scaling down because of idle timeout
TcpMessagingSession - receive error: operation aborted. errorcode: 995, details: The I/O operation has been aborted because of either a thread exit or an application request.
AssetImportWorker is now disconnected from the server
Process exiting
Exiting without the bug reporter. Application will terminate with return code 0